{"logLevel":"debug","message":"multithreading is set to false"}
{"logLevel":"debug","message":"Using reflection to scan dependencies for gauge implementations..."}
SLF4J: Failed to load class "org.slf4j.impl.StaticLoggerBinder".
SLF4J: Defaulting to no-operation (NOP) logger implementation
SLF4J: See http://www.slf4j.org/codes.html#StaticLoggerBinder for further details.
{"logLevel":"debug","message":"gauge-java took 4324milliseconds to load and scan. This should be less than 'runner_connection_timeout' config value."}
{"logLevel":"debug","message":"run 'gauge config runner_connection_timeout' and verify that it is < 4324"}
{"logLevel":"debug","message":"starting gRPC server..."}
{"logLevel":"debug","message":"Scanning packages for steps"}
{"logLevel":"debug","message":"Comparing 'tests.HomeTest.goToUrl' and 'tests.HomeTest.goToUrl'"}
{"logLevel":"debug","message":"Found Enter {} Akbank Home Page in current project scope."}
{"logLevel":"debug","message":"Comparing 'tests.HomeTest.scrollDownToBottom' and 'tests.HomeTest.scrollDownToBottom'"}
{"logLevel":"debug","message":"Found Scroll down to the bottom of the page in current project scope."}
{"logLevel":"debug","message":"Comparing 'tests.HomeTest.clickCalculator' and 'tests.HomeTest.clickCalculator'"}
{"logLevel":"debug","message":"Found Click on 'Kredi Hesaplama' in current project scope."}
{"logLevel":"debug","message":"Scanning packages for hooks"}
{"logLevel":"debug","message":"Scanned steps (using static parsing + reflections): "}
{"logLevel":"debug","message":"\tEnter {} Akbank Home Page : public void goToUrl(String key) throws Exception"}
{"logLevel":"debug","message":"\tScroll down to the bottom of the page : public void scrollDownToBottom()"}
{"logLevel":"debug","message":"\tClick on 'Kredi Hesaplama' : public void clickCalculator()"}
{"logLevel":"debug","message":"started gRPC server on port 59396"}
{"logLevel":"info","message":"Listening on port:59396"}
Starting ChromeDriver 89.0.4389.23 (61b08ee2c50024bab004e48d2b1b083cdbdac579-refs/branch-heads/4389@{#294}) on port 27003
Only local connections are allowed.
Please see https://chromedriver.chromium.org/security-considerations for suggestions on keeping ChromeDriver safe.
ChromeDriver was started successfully.
Nis 13, 2021 2:28:48 ÖÖ org.openqa.selenium.remote.ProtocolHandshake createSession
INFO: Detected dialect: W3C
{"logLevel":"debug","message":"Executing 'Enter {} Akbank Home Page' using 'class tests.HomeTest.goToUrl"}
{"logLevel":"debug","message":"Executing 'Scroll down to the bottom of the page' using 'class tests.HomeTest.scrollDownToBottom"}
{"logLevel":"debug","message":"Executing 'Click on 'Kredi Hesaplama'' using 'class tests.HomeTest.clickCalculator"}
