Listening for transport dt_socket at address: 59967
{"logLevel":"debug","message":"multithreading is set to false"}
{"logLevel":"debug","message":"Using reflection to scan dependencies for gauge implementations..."}
SLF4J: Failed to load class "org.slf4j.impl.StaticLoggerBinder".
SLF4J: Defaulting to no-operation (NOP) logger implementation
SLF4J: See http://www.slf4j.org/codes.html#StaticLoggerBinder for further details.
{"logLevel":"debug","message":"gauge-java took 3643milliseconds to load and scan. This should be less than 'runner_connection_timeout' config value."}
{"logLevel":"debug","message":"run 'gauge config runner_connection_timeout' and verify that it is < 3643"}
{"logLevel":"debug","message":"starting gRPC server..."}
{"logLevel":"debug","message":"Scanning packages for steps"}
{"logLevel":"debug","message":"Comparing 'tests.CreditCalculationTest.setCreditPrice' and 'tests.CreditCalculationTest.setCreditPrice'"}
{"logLevel":"debug","message":"Found Enter {}TL in 'TUTAR' field in current project scope."}
{"logLevel":"debug","message":"Comparing 'tests.CreditCalculationDetailTest.clickCalculationDetails' and 'tests.CreditCalculationDetailTest.clickCalculationDetails'"}
{"logLevel":"debug","message":"Found Click 'Hesaplama Detayları' in current project scope."}
{"logLevel":"debug","message":"Comparing 'tests.CreditCalculationTest.chooseInsurance' and 'tests.CreditCalculationTest.chooseInsurance'"}
{"logLevel":"debug","message":"Found Choose {} in the button in current project scope."}
{"logLevel":"debug","message":"Comparing 'tests.HomeTest.goToUrl' and 'tests.HomeTest.goToUrl'"}
{"logLevel":"debug","message":"Found Enter {} Akbank Home Page in current project scope."}
{"logLevel":"debug","message":"Comparing 'tests.HomeTest.scrollDownToBottom' and 'tests.HomeTest.scrollDownToBottom'"}
{"logLevel":"debug","message":"Found Scroll down to the bottom of the page in current project scope."}
{"logLevel":"debug","message":"Comparing 'tests.CreditCalculationDetailTest.checkCostRatio' and 'tests.CreditCalculationDetailTest.checkCostRatio'"}
{"logLevel":"debug","message":"Found Check {} is opened in current project scope."}
{"logLevel":"debug","message":"Comparing 'tests.CreditCalculationTest.chooseMaturity' and 'tests.CreditCalculationTest.chooseMaturity'"}
{"logLevel":"debug","message":"Found Set VADE as {} in the bar in current project scope."}
{"logLevel":"debug","message":"Comparing 'tests.HomeTest.clickCalculator' and 'tests.HomeTest.clickCalculator'"}
{"logLevel":"debug","message":"Found Click on 'Kredi Hesaplama' in current project scope."}
{"logLevel":"debug","message":"Comparing 'tests.CreditCalculationDetailTest.scrollToElement' and 'tests.CreditCalculationDetailTest.scrollToElement'"}
{"logLevel":"debug","message":"Found Scroll down on the 'Ödeme Planı' page until 20th is seen in current project scope."}
{"logLevel":"debug","message":"Comparing 'tests.CreditCalculationDetailTest.clickPayment' and 'tests.CreditCalculationDetailTest.clickPayment'"}
{"logLevel":"debug","message":"Found Click 'Ödeme Planı' in current project scope."}
{"logLevel":"debug","message":"Scanning packages for hooks"}
{"logLevel":"debug","message":"Scanned steps (using static parsing + reflections): "}
{"logLevel":"debug","message":"\tSet VADE as {} in the bar : public void chooseMaturity(String key)"}
{"logLevel":"debug","message":"\tEnter {} Akbank Home Page : public void goToUrl(String key) throws Exception"}
{"logLevel":"debug","message":"\tScroll down to the bottom of the page : public void scrollDownToBottom()"}
{"logLevel":"debug","message":"\tClick 'Hesaplama Detayları' : public void clickCalculationDetails()"}
{"logLevel":"debug","message":"\tChoose {} in the button : public void chooseInsurance(String key)"}
{"logLevel":"debug","message":"\tClick on 'Kredi Hesaplama' : public void clickCalculator()"}
{"logLevel":"debug","message":"\tScroll down on the 'Ödeme Planı' page until 20th is seen : public void scrollToElement() throws Exception"}
{"logLevel":"debug","message":"\tCheck {} is opened : public void checkCostRatio(String key)"}
{"logLevel":"debug","message":"\tEnter {}TL in 'TUTAR' field : public void setCreditPrice(String key)"}
{"logLevel":"debug","message":"\tClick 'Ödeme Planı' : public void clickPayment()"}
{"logLevel":"debug","message":"started gRPC server on port 59987"}
{"logLevel":"info","message":"Listening on port:59987"}
Starting ChromeDriver 89.0.4389.23 (61b08ee2c50024bab004e48d2b1b083cdbdac579-refs/branch-heads/4389@{#294}) on port 39491
Only local connections are allowed.
Please see https://chromedriver.chromium.org/security-considerations for suggestions on keeping ChromeDriver safe.
ChromeDriver was started successfully.
Nis 13, 2021 3:01:48 ÖÖ org.openqa.selenium.remote.ProtocolHandshake createSession
INFO: Detected dialect: W3C
{"logLevel":"debug","message":"Executing 'Enter {} Akbank Home Page' using 'class tests.HomeTest.goToUrl"}
{"logLevel":"debug","message":"Executing 'Scroll down to the bottom of the page' using 'class tests.HomeTest.scrollDownToBottom"}
{"logLevel":"debug","message":"Executing 'Click on 'Kredi Hesaplama'' using 'class tests.HomeTest.clickCalculator"}
{"logLevel":"debug","message":"Executing 'Enter {}TL in 'TUTAR' field' using 'class tests.CreditCalculationTest.setCreditPrice"}
{"logLevel":"debug","message":"Executing 'Choose {} in the button' using 'class tests.CreditCalculationTest.chooseInsurance"}
Listening for transport dt_socket at address: 59967
{"logLevel":"debug","message":"Executing 'Set VADE as {} in the bar' using 'class tests.CreditCalculationTest.chooseMaturity"}
Existing value selected
{"logLevel":"debug","message":"Executing 'Click 'Hesaplama Detayları'' using 'class tests.CreditCalculationDetailTest.clickCalculationDetails"}
{"logLevel":"debug","message":"Executing 'Check {} is opened' using 'class tests.CreditCalculationDetailTest.checkCostRatio"}
{"logLevel":"debug","message":"Executing 'Click 'Ödeme Planı'' using 'class tests.CreditCalculationDetailTest.clickPayment"}
{"logLevel":"debug","message":"Executing 'Check {} is opened' using 'class tests.CreditCalculationDetailTest.checkCostRatio"}
{"logLevel":"debug","message":"Executing 'Scroll down on the 'Ödeme Planı' page until 20th is seen' using 'class tests.CreditCalculationDetailTest.scrollToElement"}
